2026-04-01 16:53:40,544 - data_ingestion - DEBUG - Starting data ingestion with data_url=https://raw.githubusercontent.com/dragi-8/ml-pipeline/refs/heads/main/spam.csv?token=GHSAT0AAAAAADZAZ45HYJGG632L6PQJPVJG2ONA3TQ   
2026-04-01 16:53:42,071 - data_ingestion - ERROR - Error loading data from https://raw.githubusercontent.com/dragi-8/ml-pipeline/refs/heads/main/spam.csv?token=GHSAT0AAAAAADZAZ45HYJGG632L6PQJPVJG2ONA3TQ   : HTTP Error 404: Not Found
2026-04-01 16:53:42,071 - data_ingestion - ERROR - Error in main function: HTTP Error 404: Not Found
2026-04-01 16:57:34,679 - data_ingestion - DEBUG - Starting data ingestion with data_url=https://raw.githubusercontent.com/dragi-8/ml-pipeline/main/spam.csv
2026-04-01 16:57:35,372 - data_ingestion - ERROR - Error loading data from https://raw.githubusercontent.com/dragi-8/ml-pipeline/main/spam.csv: HTTP Error 404: Not Found
2026-04-01 16:57:35,374 - data_ingestion - ERROR - Error in main function: HTTP Error 404: Not Found
2026-04-01 17:10:10,960 - data_ingestion - DEBUG - Starting data ingestion with data_url=spam.csv
2026-04-01 17:10:10,966 - data_ingestion - ERROR - Error loading data from spam.csv: [Errno 2] No such file or directory: 'spam.csv'
2026-04-01 17:10:10,967 - data_ingestion - ERROR - Error in main function: [Errno 2] No such file or directory: 'spam.csv'
2026-04-01 17:10:35,571 - data_ingestion - DEBUG - Starting data ingestion with data_url=data\spam.csv
2026-04-01 17:10:35,637 - data_ingestion - DEBUG - Data loaded successfully from data\spam.csv
2026-04-01 17:10:35,659 - data_ingestion - DEBUG - Data preprocessing completed successfully
2026-04-01 17:10:35,714 - data_ingestion - DEBUG - Data saved successfully to ./data\train.csv and ./data\test.csv
2026-04-01 17:25:21,910 - data_ingestion - DEBUG - Starting data ingestion with data_url=data\spam.csv
2026-04-01 17:25:21,941 - data_ingestion - DEBUG - Data loaded successfully from data\spam.csv
2026-04-01 17:25:21,945 - data_ingestion - DEBUG - Data preprocessing completed successfully
2026-04-01 17:25:21,972 - data_ingestion - DEBUG - Data saved successfully to ./data\train.csv and ./data\test.csv
2026-04-01 19:08:08,357 - data_ingestion - DEBUG - Starting data ingestion with data_url=data\spam.csv
2026-04-01 19:08:08,379 - data_ingestion - DEBUG - Data loaded successfully from data\spam.csv
2026-04-01 19:08:08,385 - data_ingestion - DEBUG - Data preprocessing completed successfully
2026-04-01 19:08:08,414 - data_ingestion - DEBUG - Data saved successfully to ./data\train.csv and ./data\test.csv
2026-04-01 19:37:31,261 - data_ingestion - DEBUG - Parameters loaded successfully from params.yaml
2026-04-01 19:37:31,261 - data_ingestion - DEBUG - Starting data ingestion with data_url=data\spam.csv
2026-04-01 19:37:31,351 - data_ingestion - DEBUG - Data loaded successfully from data\spam.csv
2026-04-01 19:37:31,355 - data_ingestion - DEBUG - Data preprocessing completed successfully
2026-04-01 19:37:31,392 - data_ingestion - DEBUG - Data saved successfully to ./data\train.csv and ./data\test.csv
2026-04-01 19:48:23,614 - data_ingestion - DEBUG - Parameters loaded successfully from params.yaml
2026-04-01 19:48:23,615 - data_ingestion - DEBUG - Starting data ingestion with data_url=data\spam.csv
2026-04-01 19:48:23,630 - data_ingestion - DEBUG - Data loaded successfully from data\spam.csv
2026-04-01 19:48:23,632 - data_ingestion - DEBUG - Data preprocessing completed successfully
2026-04-01 19:48:23,667 - data_ingestion - DEBUG - Data saved successfully to ./data\train.csv and ./data\test.csv
2026-04-01 19:57:03,767 - data_ingestion - DEBUG - Parameters loaded successfully from params.yaml
2026-04-01 19:57:03,767 - data_ingestion - DEBUG - Starting data ingestion with data_url=data\spam.csv
2026-04-01 19:57:03,784 - data_ingestion - DEBUG - Data loaded successfully from data\spam.csv
2026-04-01 19:57:03,793 - data_ingestion - DEBUG - Data preprocessing completed successfully
2026-04-01 19:57:03,809 - data_ingestion - DEBUG - Data saved successfully to ./data\train.csv and ./data\test.csv
2026-04-01 20:13:01,331 - data_ingestion - DEBUG - Parameters loaded successfully from params.yaml
2026-04-01 20:13:01,332 - data_ingestion - DEBUG - Starting data ingestion with data_url=data\spam.csv
2026-04-01 20:13:01,345 - data_ingestion - DEBUG - Data loaded successfully from data\spam.csv
2026-04-01 20:13:01,347 - data_ingestion - DEBUG - Data preprocessing completed successfully
2026-04-01 20:13:01,377 - data_ingestion - DEBUG - Data saved successfully to ./data\train.csv and ./data\test.csv
